<?xml version="1.0" encoding="UTF-8"?>
<!-- Generated by org.testng.reporters.JUnitReportReporter -->
<testsuite hostname="GLB-D0248" name="com.globant.training.david_goldes.tests.Tests" tests="6" failures="0" timestamp="18 Jul 2014 12:36:00 GMT" time="55.149" errors="0">
  <testcase name="checkDateTime" time="7.806" classname="com.globant.training.david_goldes.tests.Tests"/>
  <testcase name="doSearch" time="7.197" classname="com.globant.training.david_goldes.tests.Tests"/>
  <testcase name="contactUs" time="11.006" classname="com.globant.training.david_goldes.tests.Tests"/>
  <testcase name="countPosts" time="9.463" classname="com.globant.training.david_goldes.tests.Tests"/>
  <testcase name="checkTitle" time="5.978" classname="com.globant.training.david_goldes.tests.Tests"/>
  <testcase name="contactUsWithFail" time="13.699" classname="com.globant.training.david_goldes.tests.Tests"/>
</testsuite> <!-- com.globant.training.david_goldes.tests.Tests -->
