<?xml version="1.0" encoding="UTF-8"?>
<!-- Generated by org.testng.reporters.JUnitReportReporter -->
<testsuite hostname="GLB-D0248" name="com.globant.training.david_goldes.tests.Tests" tests="1" failures="0" timestamp="25 Jul 2014 13:57:20 GMT" time="88.081" errors="0">
  <testcase name="flightWithUnitedAirlines" time="88.081" classname="com.globant.training.david_goldes.tests.Tests"/>
</testsuite> <!-- com.globant.training.david_goldes.tests.Tests -->
